#
# A fatal error has been detected by the Java Runtime Environment:
#
#  EXCEPTION_ACCESS_VIOLATION (0xc0000005) at pc=0x000001fe5f3f0f84, pid=14800, tid=11140
#
# JRE version: OpenJDK Runtime Environment (21.0.2+13) (build 21.0.2+13-58)
# Java VM: OpenJDK 64-Bit Server VM (21.0.2+13-58, mixed mode, emulated-client, sharing, tiered, compressed oops, compressed class ptrs, g1 gc, windows-amd64)
# Problematic frame:
# v  ~BufferBlob::MethodHandles adapters 0x000001fe5f3f0f84
#
# No core dump will be written. Minidumps are not enabled by default on client versions of Windows
#
# If you would like to submit a bug report, please visit:
#   https://bugreport.java.com/bugreport/crash.jsp
#

---------------  S U M M A R Y ------------

Command Line: -agentlib:jdwp=transport=dt_socket,address=127.0.0.1:50872,suspend=y,server=n -XX:TieredStopAtLevel=1 -Dspring.output.ansi.enabled=always -Dcom.sun.management.jmxremote -Dspring.jmx.enabled=true -Dspring.liveBeansView.mbeanDomain -Dspring.application.admin.enabled=true -Dmanagement.endpoints.jmx.exposure.include=* -javaagent:C:\Users\Admin\AppData\Local\JetBrains\IntelliJIdea2023.3\captureAgent\debugger-agent.jar -Dfile.encoding=UTF-8 -Dsun.stdout.encoding=UTF-8 -Dsun.stderr.encoding=UTF-8 com.online.platform.learning.Starter

Host: Intel(R) Core(TM) i7-7500U CPU @ 2.70GHz, 4 cores, 7G,  Windows 10 , 64 bit Build 19041 (10.0.19041.3636)
Time: Mon Apr 22 22:15:33 2024 W. Central Africa Standard Time elapsed time: 175.555544 seconds (0d 0h 2m 55s)

---------------  T H R E A D  ---------------

Current thread (0x000001fe6e657970):  JavaThread "http-nio-8080-exec-6" daemon [_thread_in_Java, id=11140, stack(0x0000008fa1a00000,0x0000008fa1b00000) (1024K)]

Stack: [0x0000008fa1a00000,0x0000008fa1b00000],  sp=0x0000008fa1afb2c8,  free space=1004k
Native frames: (J=compiled Java code, j=interpreted, Vv=VM code, C=native code)
C  0x000001fe5f3f0f84

The last pc belongs to _linkToVirtual (printed below).

siginfo: EXCEPTION_ACCESS_VIOLATION (0xc0000005), reading address 0xffffffffffffffff


Registers:
RAX=0x000001fe5f3c958b, RBX=0x0000000084203cc0, RCX=0x0000008fa1afb2d0, RDX=0x0000000000000002
RSP=0x0000008fa1afb2c8, RBP=0x0000008fa1afb318, RSI=0x000001fe6db39238, RDI=0x000001fe6df1d420
R8 =0x0000000000000004, R9 =0x0000000000000004, R10=0x000001fe0072a7c2, R11=0x84211d4884211d00
R12=0x0000000000000000, R13=0x0000008fa1afb2c8, R14=0x0000008fa1afb338, R15=0x000001fe6e657970
RIP=0x000001fe5f3f0f84, EFLAGS=0x0000000000010202


Register to memory mapping:

RAX=0x000001fe5f3c958b is at code_begin+4363 in an Interpreter codelet
return entry points  [0x000001fe5f3c8480, 0x000001fe5f3ca298]  7704 bytes
RBX=0x0000000084203cc0 is an oop: com.online.platform.learning.service.QuizService 
{0x0000000084203cc0} - klass: 'com/online/platform/learning/service/QuizService'
 - ---- fields (total size 3 words):
 - private 'quizRepository' 'Lcom/online/platform/learning/repository/QuizRepository;' @12  a 'jdk/proxy2/$Proxy140'{0x0000000084203cd8} (0x84203cd8)
 - private 'entityManager' 'Ljakarta/persistence/EntityManager;' @16  a 'jdk/proxy2/$Proxy123'{0x0000000084211d00} (0x84211d00)
 - private 'questionRepository' 'Lcom/online/platform/learning/repository/QuestionRepository;' @20  a 'jdk/proxy2/$Proxy139'{0x0000000084211d48} (0x84211d48)
RCX=0x0000008fa1afb2d0 is pointing into the stack for thread: 0x000001fe6e657970
RDX=0x0000000000000002 is an unknown value
RSP=0x0000008fa1afb2c8 is pointing into the stack for thread: 0x000001fe6e657970
RBP=0x0000008fa1afb318 is pointing into the stack for thread: 0x000001fe6e657970
RSI=0x000001fe6db39238 points into unknown readable memory: 0x8800eb019d79e3b3 | b3 e3 79 9d 01 eb 00 88
RDI=0x000001fe6df1d420 points into unknown readable memory: 0x0000001800000060 | 60 00 00 00 18 00 00 00
R8 =0x0000000000000004 is an unknown value
R9 =0x0000000000000004 is an unknown value
R10=0x000001fe0072a7c2 is pointing into metadata
R11=0x84211d4884211d00 is an unknown value
R12=0x0 is null
R13=0x0000008fa1afb2c8 is pointing into the stack for thread: 0x000001fe6e657970
R14=0x0000008fa1afb338 is pointing into the stack for thread: 0x000001fe6e657970
R15=0x000001fe6e657970 is a thread

Top of Stack: (sp=0x0000008fa1afb2c8)
0x0000008fa1afb2c8:   000001fe5f3c958b 0000008fa1afb2d0
0x0000008fa1afb2d8:   000001fe0072a7c2 0000000000000004
0x0000008fa1afb2e8:   000001fe000b18e8 0000008fa1afc440
0x0000008fa1afb2f8:   0000000082001a00 000001fe000b4438
0x0000008fa1afb308:   0000008fa1afb2c8 0000008fa1afb340
0x0000008fa1afb318:   0000008fa1afb650 000001fe5f9a2228
0x0000008fa1afb328:   0000000084f084e8 0000000084203cc0
0x0000008fa1afb338:   0000000084f08638 0000008f69db1c48
0x0000008fa1afb348:   0000000000000000 00000000828540e8
0x0000008fa1afb358:   0000000084f08808 0000000084203cc0
0x0000008fa1afb368:   0000000084f087b8 0000000084f08638
0x0000008fa1afb378:   0000000084203cc0 000001fe5f9a2164
0x0000008fa1afb388:   000001fe5f5e621e 0000008fa1afb650
0x0000008fa1afb398:   000001fe5fd78aa3 0000000000000000
0x0000008fa1afb3a8:   00000000687b9d68 0000000084f08450
0x0000008fa1afb3b8:   000000008260fca0 0000008fa1afc3d4
0x0000008fa1afb3c8:   0000000000000000 0000000000000000
0x0000008fa1afb3d8:   0000008fa1afc490 0000008f687a1ff0
0x0000008fa1afb3e8:   00000000677d2838 0000008fa1afb650
0x0000008fa1afb3f8:   000001fe5f6a1044 0000000000000000
0x0000008fa1afb408:   0000008fa1afd0f0 0000008f68a65468
0x0000008fa1afb418:   0000000000000c00 0000000000000000
0x0000008fa1afb428:   0000000000000000 0000000000000000
0x0000008fa1afb438:   0000000000000000 0000000000000000
0x0000008fa1afb448:   0000000000000000 0000000084f08830
0x0000008fa1afb458:   0000000084c78c78 0000000084203cc0
0x0000008fa1afb468:   0000000000000000 000001fe6e657970
0x0000008fa1afb478:   000000008411de58 000000008260fca0
0x0000008fa1afb488:   00000000828540e8 00000000828540e8
0x0000008fa1afb498:   000001fe00000001 0000000084f08450
0x0000008fa1afb4a8:   0000000084f08450 0000000000000000
0x0000008fa1afb4b8:   0000000084f08808 0000008fa1afb650 

Instructions: (pc=0x000001fe5f3f0f84)
0x000001fe5f3f0e84:   00 00 00 00 01 00 00 00 00 00 00 00 40 4f 6e d9
0x000001fe5f3f0e94:   ff 7f 00 00 00 0f 3f 5f fe 01 00 00 80 1f 3f 5f
0x000001fe5f3f0ea4:   fe 01 00 00 00 0f 3f 5f fe 01 00 00 80 1f 3f 5f
0x000001fe5f3f0eb4:   fe 01 00 00 f0 0e 3f 5f fe 01 00 00 f0 0e 3f 5f
0x000001fe5f3f0ec4:   fe 01 00 00 00 00 00 00 00 00 00 00 d8 4f 6e d9
0x000001fe5f3f0ed4:   ff 7f 00 00 f0 10 00 00 60 00 00 00 ff ff ff ff
0x000001fe5f3f0ee4:   f0 10 00 00 00 00 00 00 00 00 00 00 00 00 00 00
0x000001fe5f3f0ef4:   00 00 00 00 00 00 00 00 00 00 00 00 f4 66 66 66
0x000001fe5f3f0f04:   0f 1f 84 00 00 00 00 00 66 66 66 90 66 66 66 0f
0x000001fe5f3f0f14:   1f 84 00 00 00 00 00 66 66 66 90 90 48 8b 53 08
0x000001fe5f3f0f24:   0f b7 52 2e 48 8b 0c d4 8b 59 14 8b 5b 28 8b 5b
0x000001fe5f3f0f34:   24 48 8b 5b 10 48 85 db 0f 84 10 00 00 00 41 80
0x000001fe5f3f0f44:   bf e0 05 00 00 00 74 03 ff 63 38 ff 63 50 e9 a9
0x000001fe5f3f0f54:   16 00 00 66 0f 1f 84 00 00 00 00 00 48 8b 53 08
0x000001fe5f3f0f64:   0f b7 52 2e 48 8b 0c d4 58 5b 50 44 8b 51 08 49
0x000001fe5f3f0f74:   bb 00 00 00 00 fe 01 00 00 4d 03 d3 4c 8b 5b 10
0x000001fe5f3f0f84:   4b 8b 9c da c8 01 00 00 48 85 db 0f 84 10 00 00
0x000001fe5f3f0f94:   00 41 80 bf e0 05 00 00 00 74 03 ff 63 38 ff 63
0x000001fe5f3f0fa4:   50 e9 56 16 00 00 66 66 66 0f 1f 84 00 00 00 00
0x000001fe5f3f0fb4:   00 66 66 66 90 0f 1f 80 00 00 00 00 58 5b 50 8b
0x000001fe5f3f0fc4:   5b 24 48 8b 5b 10 48 85 db 0f 84 10 00 00 00 41
0x000001fe5f3f0fd4:   80 bf e0 05 00 00 00 74 03 ff 63 38 ff 63 50 e9
0x000001fe5f3f0fe4:   18 16 00 00 66 66 66 0f 1f 84 00 00 00 00 00 66
0x000001fe5f3f0ff4:   66 66 90 66 0f 1f 84 00 00 00 00 00 48 8b 53 08
0x000001fe5f3f1004:   0f b7 52 2e 48 8b 0c d4 58 5b 50 48 3b 01 8b 5b
0x000001fe5f3f1014:   24 48 8b 5b 10 48 85 db 0f 84 10 00 00 00 41 80
0x000001fe5f3f1024:   bf e0 05 00 00 00 74 03 ff 63 38 ff 63 50 e9 c9
0x000001fe5f3f1034:   15 00 00 66 0f 1f 84 00 00 00 00 00 48 8b 53 08
0x000001fe5f3f1044:   0f b7 52 2e 48 8b 0c d4 58 5b 50 44 8b 51 08 49
0x000001fe5f3f1054:   bb 00 00 00 00 fe 01 00 00 4d 03 d3 8b 43 18 48
0x000001fe5f3f1064:   8b 40 10 48 8b 5b 10 45 8b 9a a0 00 00 00 4f 8d
0x000001fe5f3f1074:   9c da c8 01 00 00 4d 8d 14 da 49 8b 1b 48 3b c3 


Stack slot to memory mapping:

stack at sp + 0 slots: 0x000001fe5f3c958b is at code_begin+4363 in an Interpreter codelet
return entry points  [0x000001fe5f3c8480, 0x000001fe5f3ca298]  7704 bytes
stack at sp + 1 slots: 0x0000008fa1afb2d0 is pointing into the stack for thread: 0x000001fe6e657970
stack at sp + 2 slots: 0x000001fe0072a7c2 is pointing into metadata
stack at sp + 3 slots: 0x0000000000000004 is an unknown value
stack at sp + 4 slots: 0x000001fe000b18e8 is pointing into metadata
stack at sp + 5 slots: 0x0000008fa1afc440 is pointing into the stack for thread: 0x000001fe6e657970
stack at sp + 6 slots: 0x0000000082001a00 is an oop: java.lang.Class 
{0x0000000082001a00} - klass: 'java/lang/Class'
 - ---- fields (total size 14 words):
 - private volatile transient 'classRedefinedCount' 'I' @12  0 (0x00000000)
 - injected 'klass' 'J' @16  2190434047160 (0x000001fe000b14b8)
 - injected 'array_klass' 'J' @24  0 (0x0000000000000000)
 - injected 'oop_size' 'I' @32  14 (0x0000000e)
 - injected 'static_oop_field_count' 'I' @36  0 (0x00000000)
 - private volatile transient 'cachedConstructor' 'Ljava/lang/reflect/Constructor;' @40  null (0x00000000)
 - private transient 'name' 'Ljava/lang/String;' @44  "java.lang.invoke.DirectMethodHandle$Holder"{0x0000000082001a70} (0x82001a70)
 - private transient 'module' 'Ljava/lang/Module;' @48  a 'java/lang/Module'{0x0000000081ff4e40} (0x81ff4e40)
 - private final 'classLoader' 'Ljava/lang/ClassLoader;' @52  null (0x00000000)
 - private transient 'classData' 'Ljava/lang/Object;' @56  null (0x00000000)
 - private transient 'packageName' 'Ljava/lang/String;' @60  null (0x00000000)
 - private final 'componentType' 'Ljava/lang/Class;' @64  null (0x00000000)
 - private volatile transient 'reflectionData' 'Ljava/lang/ref/SoftReference;' @68  null (0x00000000)
 - private volatile transient 'genericInfo' 'Lsun/reflect/generics/repository/ClassRepository;' @72  null (0x00000000)
 - private volatile transient 'enumConstants' '[Ljava/lang/Object;' @76  null (0x00000000)
 - private volatile transient 'enumConstantDirectory' 'Ljava/util/Map;' @80  null (0x00000000)
 - private volatile transient 'annotationData' 'Ljava/lang/Class$AnnotationData;' @84  null (0x00000000)
 - private volatile transient 'annotationType' 'Lsun/reflect/annotation/AnnotationType;' @88  null (0x00000000)
 - transient 'classValueMap' 'Ljava/lang/ClassValue$ClassValueMap;' @92  null (0x00000000)
 - injected 'protection_domain' 'Ljava/lang/Object;' @96  null (0x00000000)
 - injected 'signers_name' 'Ljava/lang/Object;' @100  null (0x00000000)
 - injected 'source_file' 'Ljava/lang/Object;' @104  null (0x00000000)
 - signature: Ljava/lang/invoke/DirectMethodHandle$Holder;
 - ---- static fields (0):
stack at sp + 7 slots: {method} {0x000001fe000b4440} 'invokeVirtual' '(Ljava/lang/Object;Ljava/lang/Object;)Ljava/lang/Object;' in 'java/lang/invoke/DirectMethodHandle$Holder'

MethodHandle::interpreter_entry::_linkToVirtual [0x000001fe5f3f0f57, 0x000001fe5f3f0faa] (83 bytes)
[MachCode]
  0x000001fe5f3f0f57: 660f 1f84 | 0000 0000 | 0048 8b53 | 080f b752 | 2e48 8b0c | d458 5b50 | 448b 5108 | 49bb 0000 
  0x000001fe5f3f0f77: 0000 fe01 | 0000 4d03 | d34c 8b5b | 104b 8b9c | dac8 0100 | 0048 85db | 0f84 1000 | 0000 4180 
  0x000001fe5f3f0f97: bfe0 0500 | 0000 7403 | ff63 38ff | 6350 e956 | 
[/MachCode]

---------------  P R O C E S S  ---------------

Threads class SMR info:
_java_thread_list=0x000001fe6e6443f0, length=31, elements={
0x000001fe66df6770, 0x000001fe66df7690, 0x000001fe66df9d60, 0x000001fe66dfd940,
0x000001fe66dfe3a0, 0x000001fe66dff820, 0x000001fe66e00280, 0x000001fe6b03eca0,
0x000001fe6b108870, 0x000001fe6b112f10, 0x000001fe6b113590, 0x000001fe6b121360,
0x000001fe6b7b1580, 0x000001fe6b1175b0, 0x000001fe6b8b1060, 0x000001fe6dd8e6f0,
0x000001fe6dd907c0, 0x000001fe6dd8ed80, 0x000001fe6dd8faa0, 0x000001fe6dd8f410,
0x000001fe6dd90130, 0x000001fe6dd90e50, 0x000001fe6dd914e0, 0x000001fe6e657970,
0x000001fe6e652ab0, 0x000001fe6e653140, 0x000001fe6e651070, 0x000001fe6e658000,
0x000001fe6e655210, 0x000001fe6e6572e0, 0x000001fe6e658690
}

Java Threads: ( => current thread )
  0x000001fe66df6770 JavaThread "Reference Handler"          daemon [_thread_blocked, id=11836, stack(0x0000008f9fd00000,0x0000008f9fe00000) (1024K)]
  0x000001fe66df7690 JavaThread "Finalizer"                  daemon [_thread_blocked, id=10804, stack(0x0000008f9fe00000,0x0000008f9ff00000) (1024K)]
  0x000001fe66df9d60 JavaThread "Signal Dispatcher"          daemon [_thread_blocked, id=9976, stack(0x0000008f9ff00000,0x0000008fa0000000) (1024K)]
  0x000001fe66dfd940 JavaThread "Attach Listener"            daemon [_thread_blocked, id=10684, stack(0x0000008fa0000000,0x0000008fa0100000) (1024K)]
  0x000001fe66dfe3a0 JavaThread "Service Thread"             daemon [_thread_blocked, id=16728, stack(0x0000008fa0100000,0x0000008fa0200000) (1024K)]
  0x000001fe66dff820 JavaThread "Monitor Deflation Thread"   daemon [_thread_blocked, id=16520, stack(0x0000008fa0200000,0x0000008fa0300000) (1024K)]
  0x000001fe66e00280 JavaThread "C1 CompilerThread0"         daemon [_thread_blocked, id=17708, stack(0x0000008fa0300000,0x0000008fa0400000) (1024K)]
  0x000001fe6b03eca0 JavaThread "Common-Cleaner"             daemon [_thread_blocked, id=17376, stack(0x0000008fa0400000,0x0000008fa0500000) (1024K)]
  0x000001fe6b108870 JavaThread "JDWP Transport Listener: dt_socket" daemon [_thread_blocked, id=10564, stack(0x0000008fa0600000,0x0000008fa0700000) (1024K)]
  0x000001fe6b112f10 JavaThread "JDWP Event Helper Thread"   daemon [_thread_blocked, id=15668, stack(0x0000008fa0700000,0x0000008fa0800000) (1024K)]
  0x000001fe6b113590 JavaThread "JDWP Command Reader"        daemon [_thread_in_native, id=6012, stack(0x0000008fa0800000,0x0000008fa0900000) (1024K)]
  0x000001fe6b121360 JavaThread "Notification Thread"        daemon [_thread_blocked, id=17236, stack(0x0000008fa0900000,0x0000008fa0a00000) (1024K)]
  0x000001fe6b7b1580 JavaThread "RMI TCP Accept-0"           daemon [_thread_in_native, id=19332, stack(0x0000008fa0e00000,0x0000008fa0f00000) (1024K)]
  0x000001fe6b1175b0 JavaThread "mysql-cj-abandoned-connection-cleanup" daemon [_thread_blocked, id=15908, stack(0x0000008fa0f00000,0x0000008fa1000000) (1024K)]
  0x000001fe6b8b1060 JavaThread "HikariPool-1 housekeeper"   daemon [_thread_blocked, id=2336, stack(0x0000008fa1100000,0x0000008fa1200000) (1024K)]
  0x000001fe6dd8e6f0 JavaThread "Catalina-utility-1"                [_thread_blocked, id=12392, stack(0x0000008fa1300000,0x0000008fa1400000) (1024K)]
  0x000001fe6dd907c0 JavaThread "Catalina-utility-2"                [_thread_in_vm, id=7568, stack(0x0000008fa1400000,0x0000008fa1500000) (1024K)]
  0x000001fe6dd8ed80 JavaThread "container-0"                       [_thread_blocked, id=11392, stack(0x0000008fa1500000,0x0000008fa1600000) (1024K)]
  0x000001fe6dd8faa0 JavaThread "http-nio-8080-exec-1"       daemon [_thread_blocked, id=12620, stack(0x0000008fa1200000,0x0000008fa1300000) (1024K)]
  0x000001fe6dd8f410 JavaThread "http-nio-8080-exec-2"       daemon [_thread_blocked, id=18964, stack(0x0000008fa1600000,0x0000008fa1700000) (1024K)]
  0x000001fe6dd90130 JavaThread "http-nio-8080-exec-3"       daemon [_thread_blocked, id=16444, stack(0x0000008fa1700000,0x0000008fa1800000) (1024K)]
  0x000001fe6dd90e50 JavaThread "http-nio-8080-exec-4"       daemon [_thread_blocked, id=8528, stack(0x0000008fa1800000,0x0000008fa1900000) (1024K)]
  0x000001fe6dd914e0 JavaThread "http-nio-8080-exec-5"       daemon [_thread_blocked, id=11216, stack(0x0000008fa1900000,0x0000008fa1a00000) (1024K)]
=>0x000001fe6e657970 JavaThread "http-nio-8080-exec-6"       daemon [_thread_in_Java, id=11140, stack(0x0000008fa1a00000,0x0000008fa1b00000) (1024K)]
  0x000001fe6e652ab0 JavaThread "http-nio-8080-exec-7"       daemon [_thread_blocked, id=16152, stack(0x0000008fa1b00000,0x0000008fa1c00000) (1024K)]
  0x000001fe6e653140 JavaThread "http-nio-8080-exec-8"       daemon [_thread_blocked, id=10864, stack(0x0000008fa1c00000,0x0000008fa1d00000) (1024K)]
  0x000001fe6e651070 JavaThread "http-nio-8080-exec-9"       daemon [_thread_blocked, id=12472, stack(0x0000008fa1d00000,0x0000008fa1e00000) (1024K)]
  0x000001fe6e658000 JavaThread "http-nio-8080-exec-10"      daemon [_thread_blocked, id=11096, stack(0x0000008fa1e00000,0x0000008fa1f00000) (1024K)]
  0x000001fe6e655210 JavaThread "http-nio-8080-Poller"       daemon [_thread_in_native, id=18596, stack(0x0000008fa1f00000,0x0000008fa2000000) (1024K)]
  0x000001fe6e6572e0 JavaThread "http-nio-8080-Acceptor"     daemon [_thread_in_native, id=7976, stack(0x0000008fa2000000,0x0000008fa2100000) (1024K)]
  0x000001fe6e658690 JavaThread "DestroyJavaVM"                     [_thread_blocked, id=13972, stack(0x0000008f9f500000,0x0000008f9f600000) (1024K)]
Total: 31

Other Threads:
  0x000001fe66dd9420 VMThread "VM Thread"                           [id=5216, stack(0x0000008f9fc00000,0x0000008f9fd00000) (1024K)]
  0x000001fe66dc5fe0 WatcherThread "VM Periodic Task Thread"        [id=6004, stack(0x0000008f9fb00000,0x0000008f9fc00000) (1024K)]
  0x000001fe56f7f4b0 WorkerThread "GC Thread#0"                     [id=17712, stack(0x0000008f9f600000,0x0000008f9f700000) (1024K)]
  0x000001fe6b619ed0 WorkerThread "GC Thread#1"                     [id=6532, stack(0x0000008fa0a00000,0x0000008fa0b00000) (1024K)]
  0x000001fe6b63d870 WorkerThread "GC Thread#2"                     [id=11560, stack(0x0000008fa0b00000,0x0000008fa0c00000) (1024K)]
  0x000001fe6b654dd0 WorkerThread "GC Thread#3"                     [id=9504, stack(0x0000008fa0c00000,0x0000008fa0d00000) (1024K)]
  0x000001fe56fd2670 ConcurrentGCThread "G1 Main Marker"            [id=10928, stack(0x0000008f9f700000,0x0000008f9f800000) (1024K)]
  0x000001fe56fd5040 WorkerThread "G1 Conc#0"                       [id=15548, stack(0x0000008f9f800000,0x0000008f9f900000) (1024K)]
  0x000001fe5702ea10 ConcurrentGCThread "G1 Refine#0"               [id=1012, stack(0x0000008f9f900000,0x0000008f9fa00000) (1024K)]
  0x000001fe66c86630 ConcurrentGCThread "G1 Service"                [id=1276, stack(0x0000008f9fa00000,0x0000008f9fb00000) (1024K)]
Total: 10

Threads with active compile tasks:
Total: 0

VM state: not at safepoint (normal execution)

VM Mutex/Monitor currently owned by a thread: None

Heap address: 0x0000000081c00000, size: 2020 MB, Compressed Oops mode: 32-bit

CDS archive(s) mapped at: [0x000001fe00000000-0x000001fe00c90000-0x000001fe00c90000), size 13172736, SharedBaseAddress: 0x000001fe00000000, ArchiveRelocationMode: 1.
Compressed class space mapped at: 0x000001fe01000000-0x000001fe41000000, reserved size: 1073741824
Narrow klass base: 0x000001fe00000000, Narrow klass shift: 0, Narrow klass range: 0x100000000

GC Precious Log:
 CardTable entry size: 512
 Card Set container configuration: InlinePtr #cards 5 size 8 Array Of Cards #cards 12 size 40 Howl #buckets 4 coarsen threshold 1843 Howl Bitmap #cards 512 size 80 coarsen threshold 460 Card regions per heap region 1 cards per card region 2048
 CPUs: 4 total, 4 available
 Memory: 8073M
 Large Page Support: Disabled
 NUMA Support: Disabled
 Compressed Oops: Enabled (32-bit)
 Heap Region Size: 1M
 Heap Min Capacity: 8M
 Heap Initial Capacity: 128M
 Heap Max Capacity: 2020M
 Pre-touch: Disabled
 Parallel Workers: 4
 Concurrent Workers: 1
 Concurrent Refinement Workers: 4
 Periodic GC: Disabled

Heap:
 garbage-first heap   total 73728K, used 55962K [0x0000000081c00000, 0x0000000100000000)
  region size 1024K, 29 young (29696K), 5 survivors (5120K)
 Metaspace       used 69356K, committed 70080K, reserved 1114112K
  class space    used 9858K, committed 10176K, reserved 1048576K

Heap Regions: E=young(eden), S=young(survivor), O=old, HS=humongous(starts), HC=humongous(continues), CS=collection set, F=free, TAMS=top-at-mark-start, PB=parsable bottom
|   0|0x0000000081c00000, 0x0000000081d00000, 0x0000000081d00000|100%|HS|  |TAMS 0x0000000081c00000| PB 0x0000000081c00000| Complete 
|   1|0x0000000081d00000, 0x0000000081e00000, 0x0000000081e00000|100%| O|  |TAMS 0x0000000081d00000| PB 0x0000000081d00000| Untracked 
|   2|0x0000000081e00000, 0x0000000081f00000, 0x0000000081f00000|100%| O|  |TAMS 0x0000000081e00000| PB 0x0000000081e00000| Untracked 
|   3|0x0000000081f00000, 0x0000000082000000, 0x0000000082000000|100%| O|  |TAMS 0x0000000081f00000| PB 0x0000000081f00000| Untracked 
|   4|0x0000000082000000, 0x0000000082100000, 0x0000000082100000|100%| O|  |TAMS 0x0000000082000000| PB 0x0000000082000000| Untracked 
|   5|0x0000000082100000, 0x0000000082200000, 0x0000000082200000|100%| O|  |TAMS 0x0000000082100000| PB 0x0000000082100000| Untracked 
|   6|0x0000000082200000, 0x0000000082300000, 0x0000000082300000|100%| O|  |TAMS 0x0000000082200000| PB 0x0000000082200000| Untracked 
|   7|0x0000000082300000, 0x0000000082400000, 0x0000000082400000|100%| O|  |TAMS 0x0000000082300000| PB 0x0000000082300000| Untracked 
|   8|0x0000000082400000, 0x0000000082500000, 0x0000000082500000|100%| O|  |TAMS 0x0000000082400000| PB 0x0000000082400000| Untracked 
|   9|0x0000000082500000, 0x0000000082600000, 0x0000000082600000|100%| O|  |TAMS 0x0000000082500000| PB 0x0000000082500000| Untracked 
|  10|0x0000000082600000, 0x0000000082700000, 0x0000000082700000|100%| O|  |TAMS 0x0000000082600000| PB 0x0000000082600000| Untracked 
|  11|0x0000000082700000, 0x00000000827a69a8, 0x0000000082800000| 65%| O|  |TAMS 0x0000000082700000| PB 0x0000000082700000| Untracked 
|  12|0x0000000082800000, 0x0000000082900000, 0x0000000082900000|100%| O|  |TAMS 0x0000000082800000| PB 0x0000000082800000| Untracked 
|  13|0x0000000082900000, 0x0000000082a00000, 0x0000000082a00000|100%| O|  |TAMS 0x0000000082900000| PB 0x0000000082900000| Untracked 
|  14|0x0000000082a00000, 0x0000000082b00000, 0x0000000082b00000|100%| O|  |TAMS 0x0000000082a00000| PB 0x0000000082a00000| Untracked 
|  15|0x0000000082b00000, 0x0000000082c00000, 0x0000000082c00000|100%| O|  |TAMS 0x0000000082b00000| PB 0x0000000082b00000| Untracked 
|  16|0x0000000082c00000, 0x0000000082d00000, 0x0000000082d00000|100%| O|  |TAMS 0x0000000082c00000| PB 0x0000000082c00000| Untracked 
|  17|0x0000000082d00000, 0x0000000082e00000, 0x0000000082e00000|100%| O|  |TAMS 0x0000000082d00000| PB 0x0000000082d00000| Untracked 
|  18|0x0000000082e00000, 0x0000000082f00000, 0x0000000082f00000|100%| O|  |TAMS 0x0000000082e00000| PB 0x0000000082e00000| Untracked 
|  19|0x0000000082f00000, 0x0000000083000000, 0x0000000083000000|100%| O|  |TAMS 0x0000000082f00000| PB 0x0000000082f00000| Untracked 
|  20|0x0000000083000000, 0x0000000083100000, 0x0000000083100000|100%| O|  |TAMS 0x0000000083000000| PB 0x0000000083000000| Untracked 
|  21|0x0000000083100000, 0x0000000083200000, 0x0000000083200000|100%| O|  |TAMS 0x0000000083100000| PB 0x0000000083100000| Untracked 
|  22|0x0000000083200000, 0x0000000083300000, 0x0000000083300000|100%| O|  |TAMS 0x0000000083200000| PB 0x0000000083200000| Untracked 
|  23|0x0000000083300000, 0x0000000083400000, 0x0000000083400000|100%| O|  |TAMS 0x0000000083300000| PB 0x0000000083300000| Untracked 
|  24|0x0000000083400000, 0x0000000083500000, 0x0000000083500000|100%| O|  |TAMS 0x0000000083400000| PB 0x0000000083400000| Untracked 
|  25|0x0000000083500000, 0x0000000083600000, 0x0000000083600000|100%| O|  |TAMS 0x0000000083500000| PB 0x0000000083500000| Untracked 
|  26|0x0000000083600000, 0x0000000083700000, 0x0000000083700000|100%| O|  |TAMS 0x0000000083600000| PB 0x0000000083600000| Untracked 
|  27|0x0000000083700000, 0x0000000083800000, 0x0000000083800000|100%| O|  |TAMS 0x0000000083700000| PB 0x0000000083700000| Untracked 
|  28|0x0000000083800000, 0x0000000083800000, 0x0000000083900000|  0%| F|  |TAMS 0x0000000083800000| PB 0x0000000083800000| Untracked 
|  29|0x0000000083900000, 0x0000000083900000, 0x0000000083a00000|  0%| F|  |TAMS 0x0000000083900000| PB 0x0000000083900000| Untracked 
|  30|0x0000000083a00000, 0x0000000083a00000, 0x0000000083b00000|  0%| F|  |TAMS 0x0000000083a00000| PB 0x0000000083a00000| Untracked 
|  31|0x0000000083b00000, 0x0000000083b00000, 0x0000000083c00000|  0%| F|  |TAMS 0x0000000083b00000| PB 0x0000000083b00000| Untracked 
|  32|0x0000000083c00000, 0x0000000083d00000, 0x0000000083d00000|100%| S|CS|TAMS 0x0000000083c00000| PB 0x0000000083c00000| Complete 
|  33|0x0000000083d00000, 0x0000000083e00000, 0x0000000083e00000|100%| S|CS|TAMS 0x0000000083d00000| PB 0x0000000083d00000| Complete 
|  34|0x0000000083e00000, 0x0000000083e00000, 0x0000000083f00000|  0%| F|  |TAMS 0x0000000083e00000| PB 0x0000000083e00000| Untracked 
|  35|0x0000000083f00000, 0x0000000083f00000, 0x0000000084000000|  0%| F|  |TAMS 0x0000000083f00000| PB 0x0000000083f00000| Untracked 
|  36|0x0000000084000000, 0x0000000084100000, 0x0000000084100000|100%| S|CS|TAMS 0x0000000084000000| PB 0x0000000084000000| Complete 
|  37|0x0000000084100000, 0x0000000084200000, 0x0000000084200000|100%| S|CS|TAMS 0x0000000084100000| PB 0x0000000084100000| Complete 
|  38|0x0000000084200000, 0x0000000084300000, 0x0000000084300000|100%| S|CS|TAMS 0x0000000084200000| PB 0x0000000084200000| Complete 
|  39|0x0000000084300000, 0x0000000084300000, 0x0000000084400000|  0%| F|  |TAMS 0x0000000084300000| PB 0x0000000084300000| Untracked 
|  40|0x0000000084400000, 0x0000000084400000, 0x0000000084500000|  0%| F|  |TAMS 0x0000000084400000| PB 0x0000000084400000| Untracked 
|  41|0x0000000084500000, 0x0000000084500000, 0x0000000084600000|  0%| F|  |TAMS 0x0000000084500000| PB 0x0000000084500000| Untracked 
|  42|0x0000000084600000, 0x0000000084600000, 0x0000000084700000|  0%| F|  |TAMS 0x0000000084600000| PB 0x0000000084600000| Untracked 
|  43|0x0000000084700000, 0x0000000084700000, 0x0000000084800000|  0%| F|  |TAMS 0x0000000084700000| PB 0x0000000084700000| Untracked 
|  44|0x0000000084800000, 0x0000000084800000, 0x0000000084900000|  0%| F|  |TAMS 0x0000000084800000| PB 0x0000000084800000| Untracked 
|  45|0x0000000084900000, 0x0000000084900000, 0x0000000084a00000|  0%| F|  |TAMS 0x0000000084900000| PB 0x0000000084900000| Untracked 
|  46|0x0000000084a00000, 0x0000000084a00000, 0x0000000084b00000|  0%| F|  |TAMS 0x0000000084a00000| PB 0x0000000084a00000| Untracked 
|  47|0x0000000084b00000, 0x0000000084b00000, 0x0000000084c00000|  0%| F|  |TAMS 0x0000000084b00000| PB 0x0000000084b00000| Untracked 
|  48|0x0000000084c00000, 0x0000000084cd2c68, 0x0000000084d00000| 82%| E|  |TAMS 0x0000000084c00000| PB 0x0000000084c00000| Complete 
|  49|0x0000000084d00000, 0x0000000084e00000, 0x0000000084e00000|100%| E|CS|TAMS 0x0000000084d00000| PB 0x0000000084d00000| Complete 
|  50|0x0000000084e00000, 0x0000000084f00000, 0x0000000084f00000|100%| E|CS|TAMS 0x0000000084e00000| PB 0x0000000084e00000| Complete 
|  51|0x0000000084f00000, 0x0000000085000000, 0x0000000085000000|100%| E|CS|TAMS 0x0000000084f00000| PB 0x0000000084f00000| Complete 
|  52|0x0000000085000000, 0x0000000085100000, 0x0000000085100000|100%| E|CS|TAMS 0x0000000085000000| PB 0x0000000085000000| Complete 
|  53|0x0000000085100000, 0x0000000085200000, 0x0000000085200000|100%| E|CS|TAMS 0x0000000085100000| PB 0x0000000085100000| Complete 
|  54|0x0000000085200000, 0x0000000085300000, 0x0000000085300000|100%| E|CS|TAMS 0x0000000085200000| PB 0x0000000085200000| Complete 
|  55|0x0000000085300000, 0x0000000085400000, 0x0000000085400000|100%| E|CS|TAMS 0x0000000085300000| PB 0x0000000085300000| Complete 
|  56|0x0000000085400000, 0x0000000085500000, 0x0000000085500000|100%| E|CS|TAMS 0x0000000085400000| PB 0x0000000085400000| Complete 
|  57|0x0000000085500000, 0x0000000085600000, 0x0000000085600000|100%| E|CS|TAMS 0x0000000085500000| PB 0x0000000085500000| Complete 
|  58|0x0000000085600000, 0x0000000085700000, 0x0000000085700000|100%| E|CS|TAMS 0x0000000085600000| PB 0x0000000085600000| Complete 
|  59|0x0000000085700000, 0x0000000085800000, 0x0000000085800000|100%| E|  |TAMS 0x0000000085700000| PB 0x0000000085700000| Complete 
|  60|0x0000000085800000, 0x0000000085900000, 0x0000000085900000|100%| E|CS|TAMS 0x0000000085800000| PB 0x0000000085800000| Complete 
|  61|0x0000000085900000, 0x0000000085a00000, 0x0000000085a00000|100%| E|CS|TAMS 0x0000000085900000| PB 0x0000000085900000| Complete 
|  62|0x0000000085a00000, 0x0000000085b00000, 0x0000000085b00000|100%| E|CS|TAMS 0x0000000085a00000| PB 0x0000000085a00000| Complete 
|  63|0x0000000085b00000, 0x0000000085c00000, 0x0000000085c00000|100%| E|CS|TAMS 0x0000000085b00000| PB 0x0000000085b00000| Complete 
|  64|0x0000000085c00000, 0x0000000085d00000, 0x0000000085d00000|100%| E|CS|TAMS 0x0000000085c00000| PB 0x0000000085c00000| Complete 
| 100|0x0000000088000000, 0x0000000088100000, 0x0000000088100000|100%| E|CS|TAMS 0x0000000088000000| PB 0x0000000088000000| Complete 
| 101|0x0000000088100000, 0x0000000088200000, 0x0000000088200000|100%| E|CS|TAMS 0x0000000088100000| PB 0x0000000088100000| Complete 
| 102|0x0000000088200000, 0x0000000088300000, 0x0000000088300000|100%| E|CS|TAMS 0x0000000088200000| PB 0x0000000088200000| Complete 
| 103|0x0000000088300000, 0x0000000088400000, 0x0000000088400000|100%| E|CS|TAMS 0x0000000088300000| PB 0x0000000088300000| Complete 
| 104|0x0000000088400000, 0x0000000088500000, 0x0000000088500000|100%| E|CS|TAMS 0x0000000088400000| PB 0x0000000088400000| Complete 
| 105|0x0000000088500000, 0x0000000088600000, 0x0000000088600000|100%| E|CS|TAMS 0x0000000088500000| PB 0x0000000088500000| Complete 
| 127|0x0000000089b00000, 0x0000000089c00000, 0x0000000089c00000|100%| E|CS|TAMS 0x0000000089b00000| PB 0x0000000089b00000| Complete 

Card table byte_map: [0x000001fe627c0000,0x000001fe62bc0000] _byte_map_base: 0x000001fe623b2000

Marking Bits: (CMBitMap*) 0x000001fe56fc2110
 Bits: [0x000001fe62bc0000, 0x000001fe64b50000)

Polling page: 0x000001fe54ee0000

Metaspace:

Usage:
  Non-class:     58.10 MB used.
      Class:      9.63 MB used.
       Both:     67.73 MB used.

Virtual space:
  Non-class space:       64.00 MB reserved,      58.50 MB ( 91%) committed,  1 nodes.
      Class space:        1.00 GB reserved,       9.94 MB ( <1%) committed,  1 nodes.
             Both:        1.06 GB reserved,      68.44 MB (  6%) committed. 

Chunk freelists:
   Non-Class:  4.70 MB
       Class:  6.08 MB
        Both:  10.78 MB

MaxMetaspaceSize: unlimited
CompressedClassSpaceSize: 1.00 GB
Initial GC threshold: 21.00 MB
Current GC threshold: 98.88 MB
CDS: on
 - commit_granule_bytes: 65536.
 - commit_granule_words: 8192.
 - virtual_space_node_default_size: 8388608.
 - enlarge_chunks_in_place: 1.
 - use_allocation_guard: 0.


Internal statistics:

num_allocs_failed_limit: 9.
num_arena_births: 996.
num_arena_deaths: 0.
num_vsnodes_births: 2.
num_vsnodes_deaths: 0.
num_space_committed: 1095.
num_space_uncommitted: 0.
num_chunks_returned_to_freelist: 9.
num_chunks_taken_from_freelist: 3408.
num_chunk_merges: 9.
num_chunk_splits: 2538.
num_chunks_enlarged: 2046.
num_inconsistent_stats: 0.

CodeCache: size=49152Kb used=12774Kb max_used=13571Kb free=36377Kb
 bounds [0x000001fe5f3c0000, 0x000001fe60110000, 0x000001fe623c0000]
 total_blobs=7730 nmethods=7018 adapters=635
 compilation: enabled
              stopped_count=0, restarted_count=0
 full_count=0

Compilation events (20 events):
Event: 120.549 Thread 0x000001fe66e00280 7084       1       org.hibernate.engine.internal.AbstractEntityEntry$EnumState::getOffset (5 bytes)
Event: 120.549 Thread 0x000001fe66e00280 nmethod 7084 0x000001fe5f54fd90 code [0x000001fe5f54ff20, 0x000001fe5f54ffe8]
Event: 120.550 Thread 0x000001fe66e00280 7085       1       org.springframework.web.servlet.handler.HandlerMappingIntrospector$AttributesPreservingRequest::setAttribute (13 bytes)
Event: 120.550 Thread 0x000001fe66e00280 nmethod 7085 0x000001fe5f54fa10 code [0x000001fe5f54fbc0, 0x000001fe5f54fcd0]
Event: 120.550 Thread 0x000001fe66e00280 7086       1       jakarta.servlet.http.HttpServletRequestWrapper::getRequestURI (10 bytes)
Event: 120.551 Thread 0x000001fe66e00280 nmethod 7086 0x000001fe5f54f610 code [0x000001fe5f54f7c0, 0x000001fe5f54f910]
Event: 120.551 Thread 0x000001fe66e00280 7087       1       org.apache.catalina.connector.Request::getContext (8 bytes)
Event: 120.551 Thread 0x000001fe66e00280 nmethod 7087 0x000001fe5f54f310 code [0x000001fe5f54f4a0, 0x000001fe5f54f578]
Event: 120.551 Thread 0x000001fe66e00280 7088       1       jakarta.servlet.http.HttpServletRequestWrapper::getHttpServletMapping (10 bytes)
Event: 120.551 Thread 0x000001fe66e00280 nmethod 7088 0x000001fe5f54ef10 code [0x000001fe5f54f0c0, 0x000001fe5f54f210]
Event: 120.551 Thread 0x000001fe66e00280 7089       1       jakarta.servlet.http.HttpServletRequestWrapper::getContextPath (10 bytes)
Event: 120.551 Thread 0x000001fe66e00280 nmethod 7089 0x000001fe5f54eb10 code [0x000001fe5f54ecc0, 0x000001fe5f54ee10]
Event: 120.551 Thread 0x000001fe66e00280 7090       1       org.springframework.web.util.pattern.SeparatorPathElement::matches (85 bytes)
Event: 120.552 Thread 0x000001fe66e00280 nmethod 7090 0x000001fe5f54e510 code [0x000001fe5f54e6e0, 0x000001fe5f54e9b8]
Event: 120.552 Thread 0x000001fe66e00280 7091       1       org.springframework.web.util.pattern.PathPattern$MatchingContext::isSeparator (14 bytes)
Event: 120.552 Thread 0x000001fe66e00280 nmethod 7091 0x000001fe5f54e190 code [0x000001fe5f54e340, 0x000001fe5f54e4a8]
Event: 120.552 Thread 0x000001fe66e00280 7092       1       org.springframework.web.util.pattern.LiteralPathElement::matches (190 bytes)
Event: 120.553 Thread 0x000001fe66e00280 nmethod 7092 0x000001fe5f54d590 code [0x000001fe5f54d7e0, 0x000001fe5f54de48]
Event: 175.540 Thread 0x000001fe66e00280 7093   !   1       java.util.concurrent.locks.LockSupport::parkNanos (56 bytes)
Event: 175.540 Thread 0x000001fe66e00280 nmethod 7093 0x000001fe5f54ce90 code [0x000001fe5f54d060, 0x000001fe5f54d3e8]

GC Heap History (20 events):
Event: 6.817 GC heap before
{Heap before GC invocations=9 (full 0):
 garbage-first heap   total 51200K, used 23115K [0x0000000081c00000, 0x0000000100000000)
  region size 1024K, 5 young (5120K), 2 survivors (2048K)
 Metaspace       used 35442K, committed 35968K, reserved 1114112K
  class space    used 4873K, committed 5120K, reserved 1048576K
}
Event: 6.821 GC heap after
{Heap after GC invocations=10 (full 0):
 garbage-first heap   total 61440K, used 21106K [0x0000000081c00000, 0x0000000100000000)
  region size 1024K, 2 young (2048K), 2 survivors (2048K)
 Metaspace       used 35442K, committed 35968K, reserved 1114112K
  class space    used 4873K, committed 5120K, reserved 1048576K
}
Event: 7.755 GC heap before
{Heap before GC invocations=11 (full 0):
 garbage-first heap   total 61440K, used 50802K [0x0000000081c00000, 0x0000000100000000)
  region size 1024K, 32 young (32768K), 2 survivors (2048K)
 Metaspace       used 42675K, committed 43264K, reserved 1114112K
  class space    used 5870K, committed 6144K, reserved 1048576K
}
Event: 7.762 GC heap after
{Heap after GC invocations=12 (full 0):
 garbage-first heap   total 61440K, used 23881K [0x0000000081c00000, 0x0000000100000000)
  region size 1024K, 4 young (4096K), 4 survivors (4096K)
 Metaspace       used 42675K, committed 43264K, reserved 1114112K
  class space    used 5870K, committed 6144K, reserved 1048576K
}
Event: 8.810 GC heap before
{Heap before GC invocations=12 (full 0):
 garbage-first heap   total 61440K, used 51529K [0x0000000081c00000, 0x0000000100000000)
  region size 1024K, 32 young (32768K), 4 survivors (4096K)
 Metaspace       used 49322K, committed 49856K, reserved 1114112K
  class space    used 6799K, committed 7040K, reserved 1048576K
}
Event: 8.821 GC heap after
{Heap after GC invocations=13 (full 0):
 garbage-first heap   total 61440K, used 24979K [0x0000000081c00000, 0x0000000100000000)
  region size 1024K, 2 young (2048K), 2 survivors (2048K)
 Metaspace       used 49322K, committed 49856K, reserved 1114112K
  class space    used 6799K, committed 7040K, reserved 1048576K
}
Event: 9.634 GC heap before
{Heap before GC invocations=13 (full 0):
 garbage-first heap   total 61440K, used 53651K [0x0000000081c00000, 0x0000000100000000)
  region size 1024K, 30 young (30720K), 2 survivors (2048K)
 Metaspace       used 52824K, committed 53376K, reserved 1114112K
  class space    used 7445K, committed 7680K, reserved 1048576K
}
Event: 9.639 GC heap after
{Heap after GC invocations=14 (full 0):
 garbage-first heap   total 61440K, used 25548K [0x0000000081c00000, 0x0000000100000000)
  region size 1024K, 3 young (3072K), 3 survivors (3072K)
 Metaspace       used 52824K, committed 53376K, reserved 1114112K
  class space    used 7445K, committed 7680K, reserved 1048576K
}
Event: 10.727 GC heap before
{Heap before GC invocations=14 (full 0):
 garbage-first heap   total 61440K, used 54220K [0x0000000081c00000, 0x0000000100000000)
  region size 1024K, 31 young (31744K), 3 survivors (3072K)
 Metaspace       used 58300K, committed 58880K, reserved 1114112K
  class space    used 8204K, committed 8448K, reserved 1048576K
}
Event: 10.739 GC heap after
{Heap after GC invocations=15 (full 0):
 garbage-first heap   total 61440K, used 28159K [0x0000000081c00000, 0x0000000100000000)
  region size 1024K, 4 young (4096K), 4 survivors (4096K)
 Metaspace       used 58300K, committed 58880K, reserved 1114112K
  class space    used 8204K, committed 8448K, reserved 1048576K
}
Event: 11.137 GC heap before
{Heap before GC invocations=15 (full 0):
 garbage-first heap   total 61440K, used 49663K [0x0000000081c00000, 0x0000000100000000)
  region size 1024K, 26 young (26624K), 4 survivors (4096K)
 Metaspace       used 59856K, committed 60480K, reserved 1114112K
  class space    used 8433K, committed 8768K, reserved 1048576K
}
Event: 11.148 GC heap after
{Heap after GC invocations=16 (full 0):
 garbage-first heap   total 61440K, used 28291K [0x0000000081c00000, 0x0000000100000000)
  region size 1024K, 3 young (3072K), 3 survivors (3072K)
 Metaspace       used 59856K, committed 60480K, reserved 1114112K
  class space    used 8433K, committed 8768K, reserved 1048576K
}
Event: 11.611 GC heap before
{Heap before GC invocations=17 (full 0):
 garbage-first heap   total 61440K, used 54915K [0x0000000081c00000, 0x0000000100000000)
  region size 1024K, 29 young (29696K), 3 survivors (3072K)
 Metaspace       used 60407K, committed 61056K, reserved 1114112K
  class space    used 8540K, committed 8832K, reserved 1048576K
}
Event: 11.617 GC heap after
{Heap after GC invocations=18 (full 0):
 garbage-first heap   total 61440K, used 29418K [0x0000000081c00000, 0x0000000100000000)
  region size 1024K, 2 young (2048K), 2 survivors (2048K)
 Metaspace       used 60407K, committed 61056K, reserved 1114112K
  class space    used 8540K, committed 8832K, reserved 1048576K
}
Event: 11.840 GC heap before
{Heap before GC invocations=18 (full 0):
 garbage-first heap   total 61440K, used 56042K [0x0000000081c00000, 0x0000000100000000)
  region size 1024K, 28 young (28672K), 2 survivors (2048K)
 Metaspace       used 60503K, committed 61120K, reserved 1114112K
  class space    used 8556K, committed 8832K, reserved 1048576K
}
Event: 11.845 GC heap after
{Heap after GC invocations=19 (full 0):
 garbage-first heap   total 61440K, used 29883K [0x0000000081c00000, 0x0000000100000000)
  region size 1024K, 3 young (3072K), 3 survivors (3072K)
 Metaspace       used 60503K, committed 61120K, reserved 1114112K
  class space    used 8556K, committed 8832K, reserved 1048576K
}
Event: 12.245 GC heap before
{Heap before GC invocations=19 (full 0):
 garbage-first heap   total 61440K, used 54459K [0x0000000081c00000, 0x0000000100000000)
  region size 1024K, 27 young (27648K), 3 survivors (3072K)
 Metaspace       used 61606K, committed 62208K, reserved 1114112K
  class space    used 8739K, committed 9024K, reserved 1048576K
}
Event: 12.251 GC heap after
{Heap after GC invocations=20 (full 0):
 garbage-first heap   total 73728K, used 31026K [0x0000000081c00000, 0x0000000100000000)
  region size 1024K, 3 young (3072K), 3 survivors (3072K)
 Metaspace       used 61606K, committed 62208K, reserved 1114112K
  class space    used 8739K, committed 9024K, reserved 1048576K
}
Event: 13.935 GC heap before
{Heap before GC invocations=20 (full 0):
 garbage-first heap   total 73728K, used 64818K [0x0000000081c00000, 0x0000000100000000)
  region size 1024K, 36 young (36864K), 3 survivors (3072K)
 Metaspace       used 63929K, committed 64640K, reserved 1114112K
  class space    used 9086K, committed 9408K, reserved 1048576K
}
Event: 13.944 GC heap after
{Heap after GC invocations=21 (full 0):
 garbage-first heap   total 73728K, used 33434K [0x0000000081c00000, 0x0000000100000000)
  region size 1024K, 5 young (5120K), 5 survivors (5120K)
 Metaspace       used 63929K, committed 64640K, reserved 1114112K
  class space    used 9086K, committed 9408K, reserved 1048576K
}

Dll operation events (12 events):
Event: 0.065 Loaded shared library C:\Users\Admin\.jdks\openjdk-21.0.2\bin\java.dll
Event: 0.068 Loaded shared library C:\Users\Admin\.jdks\openjdk-21.0.2\bin\zip.dll
Event: 0.427 Loaded shared library C:\Users\Admin\.jdks\openjdk-21.0.2\bin\instrument.dll
Event: 0.476 Loaded shared library C:\Users\Admin\.jdks\openjdk-21.0.2\bin\jimage.dll
Event: 0.503 Loaded shared library C:\Users\Admin\.jdks\openjdk-21.0.2\bin\net.dll
Event: 0.504 Loaded shared library C:\Users\Admin\.jdks\openjdk-21.0.2\bin\nio.dll
Event: 0.523 Loaded shared library C:\Users\Admin\.jdks\openjdk-21.0.2\bin\zip.dll
Event: 0.687 Loaded shared library C:\Users\Admin\.jdks\openjdk-21.0.2\bin\management.dll
Event: 0.719 Loaded shared library C:\Users\Admin\.jdks\openjdk-21.0.2\bin\management_ext.dll
Event: 1.293 Loaded shared library C:\Users\Admin\.jdks\openjdk-21.0.2\bin\extnet.dll
Event: 6.005 Loaded shared library C:\Users\Admin\.jdks\openjdk-21.0.2\bin\sunmscapi.dll
Event: 6.806 Loaded shared library C:\Users\Admin\.jdks\openjdk-21.0.2\bin\verify.dll

Deoptimization events (20 events):
Event: 21.188 Thread 0x000001fe6dd8faa0 DEOPT PACKING pc=0x000001fe5f7eed0c sp=0x0000008fa12fbd20
Event: 21.188 Thread 0x000001fe6dd8faa0 DEOPT UNPACKING pc=0x000001fe5f414e42 sp=0x0000008fa12fb1f8 mode 1
Event: 21.192 Thread 0x000001fe6dd8faa0 DEOPT PACKING pc=0x000001fe5f808959 sp=0x0000008fa12facb0
Event: 21.192 Thread 0x000001fe6dd8faa0 DEOPT UNPACKING pc=0x000001fe5f414e42 sp=0x0000008fa12fa108 mode 1
Event: 21.192 Thread 0x000001fe6dd8faa0 DEOPT PACKING pc=0x000001fe5f8067ac sp=0x0000008fa12fad40
Event: 21.192 Thread 0x000001fe6dd8faa0 DEOPT UNPACKING pc=0x000001fe5f414e42 sp=0x0000008fa12fa1e8 mode 1
Event: 21.192 Thread 0x000001fe6dd8faa0 DEOPT PACKING pc=0x000001fe5f7ee994 sp=0x0000008fa12fb790
Event: 21.192 Thread 0x000001fe6dd8faa0 DEOPT UNPACKING pc=0x000001fe5f414e42 sp=0x0000008fa12fac58 mode 1
Event: 21.192 Thread 0x000001fe6dd8faa0 DEOPT PACKING pc=0x000001fe5f7eed0c sp=0x0000008fa12fb820
Event: 21.192 Thread 0x000001fe6dd8faa0 DEOPT UNPACKING pc=0x000001fe5f414e42 sp=0x0000008fa12facf8 mode 1
Event: 21.192 Thread 0x000001fe6dd8faa0 DEOPT PACKING pc=0x000001fe5f808959 sp=0x0000008fa12facb0
Event: 21.192 Thread 0x000001fe6dd8faa0 DEOPT UNPACKING pc=0x000001fe5f414e42 sp=0x0000008fa12fa108 mode 1
Event: 21.192 Thread 0x000001fe6dd8faa0 DEOPT PACKING pc=0x000001fe5f8067ac sp=0x0000008fa12fad40
Event: 21.192 Thread 0x000001fe6dd8faa0 DEOPT UNPACKING pc=0x000001fe5f414e42 sp=0x0000008fa12fa1e8 mode 1
Event: 21.192 Thread 0x000001fe6dd8faa0 DEOPT PACKING pc=0x000001fe5f7ee994 sp=0x0000008fa12fb790
Event: 21.192 Thread 0x000001fe6dd8faa0 DEOPT UNPACKING pc=0x000001fe5f414e42 sp=0x0000008fa12fac58 mode 1
Event: 21.192 Thread 0x000001fe6dd8faa0 DEOPT PACKING pc=0x000001fe5f7eed0c sp=0x0000008fa12fb820
Event: 21.193 Thread 0x000001fe6dd8faa0 DEOPT UNPACKING pc=0x000001fe5f414e42 sp=0x0000008fa12facf8 mode 1
Event: 173.020 Thread 0x000001fe6e657970 DEOPT PACKING pc=0x000001fe5fe4fe34 sp=0x0000008fa1afb2e0
Event: 173.021 Thread 0x000001fe6e657970 DEOPT UNPACKING pc=0x000001fe5f414e42 sp=0x0000008fa1afa788 mode 0

Classes loaded (20 events):
Event: 21.373 Loading class com/fasterxml/jackson/databind/ser/std/StdKeySerializers$StringKeySerializer
Event: 21.373 Loading class com/fasterxml/jackson/databind/ser/std/StdKeySerializers$StringKeySerializer done
Event: 21.374 Loading class com/fasterxml/jackson/databind/ser/std/StdKeySerializers$Dynamic
Event: 21.374 Loading class com/fasterxml/jackson/databind/ser/std/StdKeySerializers$Dynamic done
Event: 21.374 Loading class com/fasterxml/jackson/databind/ser/std/StdKeySerializers$EnumKeySerializer
Event: 21.374 Loading class com/fasterxml/jackson/databind/ser/std/StdKeySerializers$EnumKeySerializer done
Event: 21.375 Loading class com/fasterxml/jackson/databind/ser/std/StdKeySerializers$Default
Event: 21.375 Loading class com/fasterxml/jackson/databind/ser/std/StdKeySerializers$Default done
Event: 21.378 Loading class com/fasterxml/jackson/databind/ser/std/NumberSerializers$1
Event: 21.378 Loading class com/fasterxml/jackson/databind/ser/std/NumberSerializers$1 done
Event: 21.379 Loading class com/fasterxml/jackson/databind/ser/impl/PropertySerializerMap$Multi
Event: 21.379 Loading class com/fasterxml/jackson/databind/ser/impl/PropertySerializerMap$Multi done
Event: 21.379 Loading class com/fasterxml/jackson/core/io/NumberOutput
Event: 21.379 Loading class com/fasterxml/jackson/core/io/NumberOutput done
Event: 21.382 Loading class org/apache/tomcat/util/buf/HexUtils
Event: 21.382 Loading class org/apache/tomcat/util/buf/HexUtils done
Event: 21.383 Loading class org/apache/coyote/http11/Constants
Event: 21.383 Loading class org/apache/coyote/http11/Constants done
Event: 87.989 Loading class jakarta/persistence/EntityManagerFactory
Event: 87.989 Loading class jakarta/persistence/EntityManagerFactory done

Classes unloaded (0 events):
No events

Classes redefined (2 events):
Event: 169.900 Thread 0x000001fe66dd9420 redefined class name=com.online.platform.learning.models.Quiz, count=1
Event: 169.900 Thread 0x000001fe66dd9420 redefined class name=com.online.platform.learning.models.Quiz$QuizSerializer, count=1

Internal exceptions (20 events):
Event: 10.716 Thread 0x000001fe56f68c80 Exception <a 'java/lang/IncompatibleClassChangeError'{0x0000000083ca8d60}: Found class java.lang.Object, but interface was expected> (0x0000000083ca8d60) 
thrown [s\open\src\hotspot\share\interpreter\linkResolver.cpp, line 840]
Event: 10.859 Thread 0x000001fe56f68c80 Exception <a 'java/lang/NoSuchMethodError'{0x0000000084ad7e68}: 'java.lang.Object java.lang.invoke.Invokers$Holder.invoke_MT(java.lang.Object, java.lang.Object, java.lang.Object, java.lang.Object, java.lang.Object, java.lang.Object, java.lang.Object, java.lang.Object, java.lang.Object)'> (0x0000000084ad7e68) 
thrown [s\open\src\hotspot\share\interpreter\linkResolver.cpp, line 773]
Event: 10.862 Thread 0x000001fe56f68c80 Exception <a 'java/lang/IncompatibleClassChangeError'{0x0000000084afd2a8}: Found class java.lang.Object, but interface was expected> (0x0000000084afd2a8) 
thrown [s\open\src\hotspot\share\interpreter\linkResolver.cpp, line 840]
Event: 10.862 Thread 0x000001fe56f68c80 Exception <a 'java/lang/IncompatibleClassChangeError'{0x0000000084903168}: Found class java.lang.Object, but interface was expected> (0x0000000084903168) 
thrown [s\open\src\hotspot\share\interpreter\linkResolver.cpp, line 840]
Event: 11.068 Thread 0x000001fe56f68c80 Exception <a 'java/lang/NoSuchMethodError'{0x00000000845bf680}: 'void java.lang.invoke.Invokers$Holder.invokeExact_MT(java.lang.Object, java.lang.Object, int, java.lang.Object)'> (0x00000000845bf680) 
thrown [s\open\src\hotspot\share\interpreter\linkResolver.cpp, line 773]
Event: 11.167 Thread 0x000001fe56f68c80 Exception <a 'java/lang/NoSuchMethodError'{0x0000000089b65fb0}: 'long java.lang.invoke.DirectMethodHandle$Holder.invokeVirtual(java.lang.Object, java.lang.Object)'> (0x0000000089b65fb0) 
thrown [s\open\src\hotspot\share\interpreter\linkResolver.cpp, line 773]
Event: 11.379 Thread 0x000001fe56f68c80 Exception <a 'sun/nio/fs/WindowsException'{0x00000000883a8468}> (0x00000000883a8468) 
thrown [s\open\src\hotspot\share\prims\jni.cpp, line 520]
Event: 11.994 Thread 0x000001fe56f68c80 Exception <a 'java/lang/NoSuchMethodError'{0x000000008497c958}: 'java.lang.Object java.lang.invoke.DirectMethodHandle$Holder.newInvokeSpecial(java.lang.Object, java.lang.Object, java.lang.Object, java.lang.Object, java.lang.Object, java.lang.Object, java.lang.Object, java.lang.Object)'> (0x000000008497c958) 
thrown [s\open\src\hotspot\share\interpreter\linkResolver.cpp, line 773]
Event: 12.666 Thread 0x000001fe56f68c80 Exception <a 'java/lang/IncompatibleClassChangeError'{0x0000000085a69670}: Found class java.lang.Object, but interface was expected> (0x0000000085a69670) 
thrown [s\open\src\hotspot\share\interpreter\linkResolver.cpp, line 840]
Event: 12.887 Thread 0x000001fe56f68c80 Exception <a 'java/lang/NoSuchMethodError'{0x00000000855c7088}: 'java.lang.Object java.lang.invoke.DirectMethodHandle$Holder.invokeInterface(java.lang.Object, java.lang.Object, java.lang.Object, java.lang.Object)'> (0x00000000855c7088) 
thrown [s\open\src\hotspot\share\interpreter\linkResolver.cpp, line 773]
Event: 12.990 Thread 0x000001fe56f68c80 Exception <a 'java/lang/NoSuchMethodError'{0x0000000085219c98}: 'void java.lang.invoke.DirectMethodHandle$Holder.invokeVirtual(java.lang.Object, java.lang.Object, long)'> (0x0000000085219c98) 
thrown [s\open\src\hotspot\share\interpreter\linkResolver.cpp, line 773]
Event: 13.172 Thread 0x000001fe56f68c80 Exception <a 'java/lang/NoSuchMethodError'{0x0000000084eee388}: 'int java.lang.invoke.DirectMethodHandle$Holder.invokeStaticInit(java.lang.Object, java.lang.Object, java.lang.Object, java.lang.Object)'> (0x0000000084eee388) 
thrown [s\open\src\hotspot\share\interpreter\linkResolver.cpp, line 773]
Event: 13.914 Thread 0x000001fe56f68c80 Exception <a 'java/lang/NoSuchMethodError'{0x0000000084311068}: 'java.lang.Object java.lang.invoke.DirectMethodHandle$Holder.newInvokeSpecial(java.lang.Object, java.lang.Object, int, java.lang.Object, java.lang.Object)'> (0x0000000084311068) 
thrown [s\open\src\hotspot\share\interpreter\linkResolver.cpp, line 773]
Event: 13.916 Thread 0x000001fe56f68c80 Exception <a 'java/lang/NoSuchMethodError'{0x000000008431bb38}: 'java.lang.Object java.lang.invoke.DirectMethodHandle$Holder.invokeSpecial(java.lang.Object, java.lang.Object, int, java.lang.Object, int, java.lang.Object)'> (0x000000008431bb38) 
thrown [s\open\src\hotspot\share\interpreter\linkResolver.cpp, line 773]
Event: 13.916 Thread 0x000001fe56f68c80 Exception <a 'java/lang/NoSuchMethodError'{0x0000000084322c58}: 'java.lang.Object java.lang.invoke.DirectMethodHandle$Holder.newInvokeSpecial(java.lang.Object, java.lang.Object, int, java.lang.Object, int)'> (0x0000000084322c58) 
thrown [s\open\src\hotspot\share\interpreter\linkResolver.cpp, line 773]
Event: 13.917 Thread 0x000001fe56f68c80 Exception <a 'java/lang/NoSuchMethodError'{0x0000000084326ac8}: 'java.lang.Object java.lang.invoke.DirectMethodHandle$Holder.invokeSpecial(java.lang.Object, java.lang.Object, java.lang.Object, int, java.lang.Object, int)'> (0x0000000084326ac8) 
thrown [s\open\src\hotspot\share\interpreter\linkResolver.cpp, line 773]
Event: 20.639 Thread 0x000001fe6dd8faa0 Exception <a 'java/lang/NoSuchMethodError'{0x00000000883cb7c0}: 'java.lang.Object java.lang.invoke.DirectMethodHandle$Holder.invokeSpecial(java.lang.Object, java.lang.Object, java.lang.Object, java.lang.Object, java.lang.Object, long)'> (0x00000000883cb7c0) 
thrown [s\open\src\hotspot\share\interpreter\linkResolver.cpp, line 773]
Event: 20.640 Thread 0x000001fe6dd8faa0 Exception <a 'java/lang/NoSuchMethodError'{0x00000000883cef80}: 'java.lang.Object java.lang.invoke.Invokers$Holder.linkToTargetMethod(java.lang.Object, java.lang.Object, java.lang.Object, long, java.lang.Object)'> (0x00000000883cef80) 
thrown [s\open\src\hotspot\share\interpreter\linkResolver.cpp, line 773]
Event: 21.055 Thread 0x000001fe6dd8faa0 Exception <a 'java/lang/NoSuchMethodError'{0x0000000085419ba8}: 'void java.lang.invoke.DirectMethodHandle$Holder.invokeSpecialIFC(java.lang.Object, java.lang.Object, int, java.lang.Object, java.lang.Object, java.lang.Object, java.lang.Object)'> (0x0000000085419ba8) 
thrown [s\open\src\hotspot\share\interpreter\linkResolver.cpp, line 773]
Event: 21.091 Thread 0x000001fe6dd8faa0 Exception <a 'java/lang/IncompatibleClassChangeError'{0x00000000853025e0}: Found class java.lang.Object, but interface was expected> (0x00000000853025e0) 
thrown [s\open\src\hotspot\share\interpreter\linkResolver.cpp, line 840]

ZGC Phase Switch (0 events):
No events

VM Operations (20 events):
Event: 169.946 Executing VM operation: ChangeBreakpoints
Event: 169.950 Executing VM operation: ChangeBreakpoints done
Event: 169.955 Executing VM operation: ChangeBreakpoints
Event: 169.958 Executing VM operation: ChangeBreakpoints done
Event: 169.962 Executing VM operation: ChangeBreakpoints
Event: 169.965 Executing VM operation: ChangeBreakpoints done
Event: 169.978 Executing VM operation: ChangeBreakpoints
Event: 169.981 Executing VM operation: ChangeBreakpoints done
Event: 170.027 Executing VM operation: get/set locals
Event: 170.027 Executing VM operation: get/set locals done
Event: 173.020 Executing VM operation: ChangeSingleStep
Event: 173.020 Executing VM operation: ChangeSingleStep done
Event: 173.021 Executing VM operation: ChangeSingleStep
Event: 173.021 Executing VM operation: ChangeSingleStep done
Event: 173.272 Executing VM operation: get/set locals
Event: 173.272 Executing VM operation: get/set locals done
Event: 173.272 Executing VM operation: get/set locals
Event: 173.272 Executing VM operation: get/set locals done
Event: 173.347 Executing VM operation: get/set locals
Event: 173.347 Executing VM operation: get/set locals done

Events (20 events):
Event: 11.222 Thread 0x000001fe66dd9420 flushing nmethod 0x000001fe5f4d6010
Event: 12.734 Thread 0x000001fe6d38cfe0 Thread exited: 0x000001fe6d38cfe0
Event: 13.933 Thread 0x000001fe6dd8faa0 Thread added: 0x000001fe6dd8faa0
Event: 13.933 Thread 0x000001fe6dd8f410 Thread added: 0x000001fe6dd8f410
Event: 13.933 Thread 0x000001fe6dd90130 Thread added: 0x000001fe6dd90130
Event: 13.933 Thread 0x000001fe6dd90e50 Thread added: 0x000001fe6dd90e50
Event: 13.933 Thread 0x000001fe6dd914e0 Thread added: 0x000001fe6dd914e0
Event: 13.933 Thread 0x000001fe6e657970 Thread added: 0x000001fe6e657970
Event: 13.933 Thread 0x000001fe6e652ab0 Thread added: 0x000001fe6e652ab0
Event: 13.933 Thread 0x000001fe6e653140 Thread added: 0x000001fe6e653140
Event: 13.933 Thread 0x000001fe6e651070 Thread added: 0x000001fe6e651070
Event: 13.934 Thread 0x000001fe6e658000 Thread added: 0x000001fe6e658000
Event: 13.968 Thread 0x000001fe6e655210 Thread added: 0x000001fe6e655210
Event: 13.972 Thread 0x000001fe6e6572e0 Thread added: 0x000001fe6e6572e0
Event: 14.005 Thread 0x000001fe56f68c80 Thread exited: 0x000001fe56f68c80
Event: 14.005 Thread 0x000001fe6e658690 Thread added: 0x000001fe6e658690
Event: 19.007 Thread 0x000001fe6b645a30 Thread exited: 0x000001fe6b645a30
Event: 19.007 Thread 0x000001fe6b09df50 Thread exited: 0x000001fe6b09df50
Event: 21.366 Thread 0x000001fe6e10fb50 Thread added: 0x000001fe6e10fb50
Event: 27.000 Thread 0x000001fe6e10fb50 Thread exited: 0x000001fe6e10fb50


Dynamic libraries:
0x00007ff6ce1c0000 - 0x00007ff6ce1ce000 	C:\Users\Admin\.jdks\openjdk-21.0.2\bin\java.exe
0x00007ff82b910000 - 0x00007ff82bb08000 	C:\Windows\SYSTEM32\ntdll.dll
0x00007ff829ff0000 - 0x00007ff82a0ad000 	C:\Windows\System32\KERNEL32.DLL
0x00007ff829640000 - 0x00007ff829936000 	C:\Windows\System32\KERNELBASE.dll
0x00007ff829060000 - 0x00007ff829160000 	C:\Windows\System32\ucrtbase.dll
0x00007ff81e4b0000 - 0x00007ff81e4cb000 	C:\Users\Admin\.jdks\openjdk-21.0.2\bin\VCRUNTIME140.dll
0x00007ff81e4d0000 - 0x00007ff81e4e8000 	C:\Users\Admin\.jdks\openjdk-21.0.2\bin\jli.dll
0x00007ff829c50000 - 0x00007ff829def000 	C:\Windows\System32\USER32.dll
0x00007ff829340000 - 0x00007ff829362000 	C:\Windows\System32\win32u.dll
0x00007ff829a70000 - 0x00007ff829a9b000 	C:\Windows\System32\GDI32.dll
0x00007ff829160000 - 0x00007ff829277000 	C:\Windows\System32\gdi32full.dll
0x00007ff828fc0000 - 0x00007ff82905d000 	C:\Windows\System32\msvcp_win.dll
0x00007ff818320000 - 0x00007ff8185ba000 	C:\Windows\WinSxS\amd64_microsoft.windows.common-controls_6595b64144ccf1df_6.0.19041.3636_none_60b6a03d71f818d5\COMCTL32.dll
0x00007ff82a5f0000 - 0x00007ff82a68e000 	C:\Windows\System32\msvcrt.dll
0x00007ff82a8e0000 - 0x00007ff82a912000 	C:\Windows\System32\IMM32.DLL
0x00007ff821040000 - 0x00007ff82104c000 	C:\Users\Admin\.jdks\openjdk-21.0.2\bin\vcruntime140_1.dll
0x00007ff805ae0000 - 0x00007ff805b6e000 	C:\Users\Admin\.jdks\openjdk-21.0.2\bin\msvcp140.dll
0x00007fffd8d30000 - 0x00007fffd9a47000 	C:\Users\Admin\.jdks\openjdk-21.0.2\bin\server\jvm.dll
0x00007ff82aa90000 - 0x00007ff82ab40000 	C:\Windows\System32\ADVAPI32.dll
0x00007ff829e80000 - 0x00007ff829f20000 	C:\Windows\System32\sechost.dll
0x00007ff82b740000 - 0x00007ff82b863000 	C:\Windows\System32\RPCRT4.dll
0x00007ff8294d0000 - 0x00007ff8294f7000 	C:\Windows\System32\bcrypt.dll
0x00007ff82ab40000 - 0x00007ff82abab000 	C:\Windows\System32\WS2_32.dll
0x00007ff8284c0000 - 0x00007ff82850b000 	C:\Windows\SYSTEM32\POWRPROF.dll
0x00007ff80bd50000 - 0x00007ff80bd77000 	C:\Windows\SYSTEM32\WINMM.dll
0x00007ff822b00000 - 0x00007ff822b0a000 	C:\Windows\SYSTEM32\VERSION.dll
0x00007ff828380000 - 0x00007ff828392000 	C:\Windows\SYSTEM32\UMPDC.dll
0x00007ff8277f0000 - 0x00007ff827802000 	C:\Windows\SYSTEM32\kernel.appcore.dll
0x00007ff820fb0000 - 0x00007ff820fba000 	C:\Users\Admin\.jdks\openjdk-21.0.2\bin\jimage.dll
0x00007ff826cc0000 - 0x00007ff826ea4000 	C:\Windows\SYSTEM32\DBGHELP.DLL
0x00007ff821410000 - 0x00007ff821444000 	C:\Windows\SYSTEM32\dbgcore.DLL
0x00007ff829500000 - 0x00007ff829582000 	C:\Windows\System32\bcryptPrimitives.dll
0x00007ff81fd80000 - 0x00007ff81fdbc000 	C:\Users\Admin\.jdks\openjdk-21.0.2\bin\jdwp.dll
0x00007ff8260f0000 - 0x00007ff8260ff000 	C:\Users\Admin\.jdks\openjdk-21.0.2\bin\instrument.dll
0x00007ff81d1c0000 - 0x00007ff81d1df000 	C:\Users\Admin\.jdks\openjdk-21.0.2\bin\java.dll
0x00007ff8181c0000 - 0x00007ff8181d8000 	C:\Users\Admin\.jdks\openjdk-21.0.2\bin\zip.dll
0x00007ff82abb0000 - 0x00007ff82b31b000 	C:\Windows\System32\SHELL32.dll
0x00007ff826eb0000 - 0x00007ff82764e000 	C:\Windows\SYSTEM32\windows.storage.dll
0x00007ff82b380000 - 0x00007ff82b6d3000 	C:\Windows\System32\combase.dll
0x00007ff828910000 - 0x00007ff82893e000 	C:\Windows\SYSTEM32\Wldp.dll
0x00007ff82a690000 - 0x00007ff82a75d000 	C:\Windows\System32\OLEAUT32.dll
0x00007ff829f40000 - 0x00007ff829fed000 	C:\Windows\System32\SHCORE.dll
0x00007ff82a760000 - 0x00007ff82a7b5000 	C:\Windows\System32\shlwapi.dll
0x00007ff828ef0000 - 0x00007ff828f13000 	C:\Windows\SYSTEM32\profapi.dll
0x00007ff8260d0000 - 0x00007ff8260dc000 	C:\Users\Admin\.jdks\openjdk-21.0.2\bin\dt_socket.dll
0x00007ff8283a0000 - 0x00007ff8283db000 	C:\Windows\SYSTEM32\IPHLPAPI.DLL
0x00007ff8286f0000 - 0x00007ff82875a000 	C:\Windows\system32\mswsock.dll
0x00007ff8202a0000 - 0x00007ff8202b0000 	C:\Users\Admin\.jdks\openjdk-21.0.2\bin\net.dll
0x00007ff820760000 - 0x00007ff82086a000 	C:\Windows\SYSTEM32\WINHTTP.dll
0x00007ff81d070000 - 0x00007ff81d086000 	C:\Users\Admin\.jdks\openjdk-21.0.2\bin\nio.dll
0x00007ff8283f0000 - 0x00007ff8284bb000 	C:\Windows\SYSTEM32\DNSAPI.dll
0x00007ff829df0000 - 0x00007ff829df8000 	C:\Windows\System32\NSI.dll
0x00007ff81e450000 - 0x00007ff81e45a000 	C:\Windows\System32\rasadhlp.dll
0x00007ff81e960000 - 0x00007ff81e9e0000 	C:\Windows\System32\fwpuclnt.dll
0x00007ff823880000 - 0x00007ff82388a000 	C:\Users\Admin\.jdks\openjdk-21.0.2\bin\management.dll
0x00007ff821f50000 - 0x00007ff821f5b000 	C:\Users\Admin\.jdks\openjdk-21.0.2\bin\management_ext.dll
0x00007ff82a0b0000 - 0x00007ff82a0b8000 	C:\Windows\System32\PSAPI.DLL
0x00007ff828950000 - 0x00007ff828968000 	C:\Windows\SYSTEM32\CRYPTSP.dll
0x00007ff827fc0000 - 0x00007ff827ff4000 	C:\Windows\system32\rsaenh.dll
0x00007ff828eb0000 - 0x00007ff828ede000 	C:\Windows\SYSTEM32\USERENV.dll
0x00007ff828880000 - 0x00007ff82888c000 	C:\Windows\SYSTEM32\CRYPTBASE.dll
0x00007ff80f2f0000 - 0x00007ff80f307000 	C:\Windows\system32\napinsp.dll
0x00007ff80f280000 - 0x00007ff80f29b000 	C:\Windows\system32\pnrpnsp.dll
0x00007ff8237a0000 - 0x00007ff8237b5000 	C:\Windows\system32\wshbth.dll
0x00007ff8226c0000 - 0x00007ff8226dd000 	C:\Windows\system32\NLAapi.dll
0x00007ff80f260000 - 0x00007ff80f272000 	C:\Windows\System32\winrnr.dll
0x00007ff81e9e0000 - 0x00007ff81e9e9000 	C:\Users\Admin\.jdks\openjdk-21.0.2\bin\extnet.dll
0x00007ff8204f0000 - 0x00007ff8204fe000 	C:\Users\Admin\.jdks\openjdk-21.0.2\bin\sunmscapi.dll
0x00007ff829370000 - 0x00007ff8294ce000 	C:\Windows\System32\CRYPT32.dll
0x00007ff828a60000 - 0x00007ff828a88000 	C:\Windows\SYSTEM32\ncrypt.dll
0x00007ff828a20000 - 0x00007ff828a5b000 	C:\Windows\SYSTEM32\NTASN1.dll
0x00007ff817c80000 - 0x00007ff817c90000 	C:\Users\Admin\.jdks\openjdk-21.0.2\bin\verify.dll
0x00007ff808350000 - 0x00007ff808357000 	C:\Windows\system32\wshunix.dll

dbghelp: loaded successfully - version: 4.0.5 - missing functions: none
symbol engine: initialized successfully - sym options: 0x614 - pdb path: .;C:\Users\Admin\.jdks\openjdk-21.0.2\bin;C:\Windows\SYSTEM32;C:\Windows\WinSxS\amd64_microsoft.windows.common-controls_6595b64144ccf1df_6.0.19041.3636_none_60b6a03d71f818d5;C:\Users\Admin\.jdks\openjdk-21.0.2\bin\server

VM Arguments:
jvm_args: -agentlib:jdwp=transport=dt_socket,address=127.0.0.1:50872,suspend=y,server=n -XX:TieredStopAtLevel=1 -Dspring.output.ansi.enabled=always -Dcom.sun.management.jmxremote -Dspring.jmx.enabled=true -Dspring.liveBeansView.mbeanDomain -Dspring.application.admin.enabled=true -Dmanagement.endpoints.jmx.exposure.include=* -javaagent:C:\Users\Admin\AppData\Local\JetBrains\IntelliJIdea2023.3\captureAgent\debugger-agent.jar -Dfile.encoding=UTF-8 -Dsun.stdout.encoding=UTF-8 -Dsun.stderr.encoding=UTF-8 
java_command: com.online.platform.learning.Starter
java_class_path (initial): C:\Users\Admin\OneDrive\Bureau\PFEIsraBenYemna&IhebAbidi\online-learning-apps-server\target\classes;C:\Users\Admin\.m2\repository\org\springframework\boot\spring-boot-starter-data-jpa\3.1.0\spring-boot-starter-data-jpa-3.1.0.jar;C:\Users\Admin\.m2\repository\org\springframework\boot\spring-boot-starter-aop\3.1.0\spring-boot-starter-aop-3.1.0.jar;C:\Users\Admin\.m2\repository\org\aspectj\aspectjweaver\1.9.19\aspectjweaver-1.9.19.jar;C:\Users\Admin\.m2\repository\org\springframework\boot\spring-boot-starter-jdbc\3.1.0\spring-boot-starter-jdbc-3.1.0.jar;C:\Users\Admin\.m2\repository\com\zaxxer\HikariCP\5.0.1\HikariCP-5.0.1.jar;C:\Users\Admin\.m2\repository\org\springframework\spring-jdbc\6.0.9\spring-jdbc-6.0.9.jar;C:\Users\Admin\.m2\repository\org\hibernate\orm\hibernate-core\6.2.2.Final\hibernate-core-6.2.2.Final.jar;C:\Users\Admin\.m2\repository\jakarta\persistence\jakarta.persistence-api\3.1.0\jakarta.persistence-api-3.1.0.jar;C:\Users\Admin\.m2\repository\jakarta\transaction\jakarta.transaction-api\2.0.1\jakarta.transaction-api-2.0.1.jar;C:\Users\Admin\.m2\repository\org\jboss\logging\jboss-logging\3.5.0.Final\jboss-logging-3.5.0.Final.jar;C:\Users\Admin\.m2\repository\org\hibernate\common\hibernate-commons-annotations\6.0.6.Final\hibernate-commons-annotations-6.0.6.Final.jar;C:\Users\Admin\.m2\repository\io\smallrye\jandex\3.0.5\jandex-3.0.5.jar;C:\Users\Admin\.m2\repository\com\fasterxml\classmate\1.5.1\classmate-1.5.1.jar;C:\Users\Admin\.m2\repository\net\bytebuddy\byte-buddy\1.14.4\byte-buddy-1.14.4.jar;C:\Users\Admin\.m2\repository\jakarta\xml\bind\jakarta.xml.bind-api\4.0.0\jakarta.xml.bind-api-4.0.0.jar;C:\Users\Admin\.m2\repository\jakarta\activation\jakarta.activation-api\2.1.2\jakarta.activation-api-2.1.2.jar;C:\Users\Admin\.m2\repository\org\glassfish\jaxb\jaxb-runtime\4.0.2\jaxb-runtime-4.0.2.jar;C:\Users\Admin\.m2\repository\org\glassfish\jaxb\jaxb-core\4.0.2\jaxb-core-4.0.2.jar;C:\Users\Admin\.m2\repository\org\eclipse\angus\angus-activation\2.0.0\angus-activation-2.0.0.jar;C:\Users\Admin\.m2\repository\org\glassfish\jaxb\txw2\4.0.2\txw2-4.0.2.jar;C:\Users\Admin\.m2\repository\com\sun\istack\istack-commons-runtime\4.1.1\istack-commons-runtime-4.1.1.jar;C:\Users\Admin\.m2\repository\jakarta\inject\jakarta.inject-api\2.0.1\jakarta.inject-api-2.0.1.jar;C:\Users\Admin\.m2\repository\org\antlr\antlr4-runtime\4.10.1\antlr4-runtime-4.10.1.jar;C:\Users\Admin\.m2\repository\org\springframework\data\spring-data-jpa\3.1.0\spring-data-jpa-3.1.0.jar;C:\Users\Admin\.m2\repository\org\springframework\data\spring-data-commons\3.1.0\spring-data-commons-3.1.0.jar;C:\Users\Admin\.m2\repository\org\springframework\spring-orm\6.0.9\spring-orm-6.0.9.jar;C:\Users\Admin\.m2\repository\org\springframework\spring-context\6.0.9\spring-context-6.0.9.jar;C:\Users\Admin\.m2\repository\org\springframework\spring-tx\6.0.9\spring-tx-6.0.9.jar;C:\Users\Admin\.m2\repository\org\springframework\spring-beans\6.0.9\spring-beans-6.0.9.jar;C:\Users\Admin\.m2\repository\org\springframework\spring-core\6.0.9\spring-core-6.0.9.jar;C:\Users\Admin\.m2\repository\org\springframework\spring-jcl\6.0.9\spring-jcl-6.0.9.jar;C:\Users\Admin\.m2\repository\jakarta\annotation\jakarta.annotation-api\2.1.1\jakarta.annotation-api-2.1.1.jar;C:\Users\Admin\.m2\repository\org\slf4j\slf4j-api\2.0.7\slf4j-api-2.0.7.jar;C:\Users\Admin\.m2\repository\org\springframework\spring-aspects\6.0.9\spring-aspects-6.0.9.jar;C:\Users\Admin\.m2\repository\org\projectlombok\lombok\1.18.30\lombok-1.18.30.jar;C:\Users\Admin\.m2\repository\org\springframework\boot\spring-boot-starter-security\3.1.0\spring-boot-starter-security-3.1.0.jar;C:\Users\Admin\.m2\repository\org\springframework\boot\spring-boot-starter\3.1.0\spring-boot-starter-3.1.0.jar;C:\Users\Admin\.m2\repository\org\springframework\boot\spring-boot\3.1.0\spring-boot-3.1.0.jar;C:\Users\Admin\.m2\repository\org\springframework\boot\spring-boot-autoconfigure\3.1.0\spring-boot-autoconfigure-3.1.0.jar;C:\Users\Admin\.m2\repository\org\springframework\boot\spring-boot-starter-logging\3.1.0\spring-boot-starter-logging-3.1.0.jar;C:\Users\Admin\.m2\repository\ch\qos\logback\logback-classic\1.4.7\logback-classic-1.4.7.jar;C:\Users\Admin\.m2\repository\ch\qos\logback\logback-core\1.4.7\logback-core-1.4.7.jar;C:\Users\Admin\.m2\repository\org\apache\logging\log4j\log4j-to-slf4j\2.20.0\log4j-to-slf4j-2.20.0.jar;C:\Users\Admin\.m2\repository\org\apache\logging\log4j\log4j-api\2.20.0\log4j-api-2.20.0.jar;C:\Users\Admin\.m2\repository\org\slf4j\jul-to-slf4j\2.0.7\jul-to-slf4j-2.0.7.jar;C:\Users\Admin\.m2\repository\org\yaml\snakeyaml\1.33\snakeyaml-1.33.jar;C:\Users\Admin\.m2\repository\org\springframework\spring-aop\6.0.9\spring-aop-6.0.9.jar;C:\Users\Admin\.m2\repository\org\springframework\security\spring-security-config\6.1.0\spring-security-config-6.1.0.jar;C:\Users\Admin\.m2\repository\org\springframework\security\spring-security-core\6.1.0\spring-security-core-6.1.0.jar;C:\Users\Admin\.m2\repository\org\springframework\security\spring-security-crypto\6.1.0\spring-security-crypto-6.1.0.jar;C:\Users\Admin\.m2\repository\org\springframework\security\spring-security-web\6.1.0\spring-security-web-6.1.0.jar;C:\Users\Admin\.m2\repository\org\springframework\spring-expression\6.0.9\spring-expression-6.0.9.jar;C:\Users\Admin\.m2\repository\org\springframework\boot\spring-boot-starter-validation\3.1.0\spring-boot-starter-validation-3.1.0.jar;C:\Users\Admin\.m2\repository\org\apache\tomcat\embed\tomcat-embed-el\10.1.8\tomcat-embed-el-10.1.8.jar;C:\Users\Admin\.m2\repository\org\hibernate\validator\hibernate-validator\8.0.0.Final\hibernate-validator-8.0.0.Final.jar;C:\Users\Admin\.m2\repository\jakarta\validation\jakarta.validation-api\3.0.2\jakarta.validation-api-3.0.2.jar;C:\Users\Admin\.m2\repository\org\springframework\boot\spring-boot-starter-web\3.1.0\spring-boot-starter-web-3.1.0.jar;C:\Users\Admin\.m2\repository\org\springframework\boot\spring-boot-starter-json\3.1.0\spring-boot-starter-json-3.1.0.jar;C:\Users\Admin\.m2\repository\com\fasterxml\jackson\datatype\jackson-datatype-jdk8\2.15.0\jackson-datatype-jdk8-2.15.0.jar;C:\Users\Admin\.m2\repository\com\fasterxml\jackson\datatype\jackson-datatype-jsr310\2.15.0\jackson-datatype-jsr310-2.15.0.jar;C:\Users\Admin\.m2\repository\com\fasterxml\jackson\module\jackson-module-parameter-names\2.15.0\jackson-module-parameter-names-2.15.0.jar;C:\Users\Admin\.m2\repository\org\springframework\boot\spring-boot-starter-tomcat\3.1.0\spring-boot-starter-tomcat-3.1.0.jar;C:\Users\Admin\.m2\repository\org\apache\tomcat\embed\tomcat-embed-core\10.1.8\tomcat-embed-core-10.1.8.jar;C:\Users\Admin\.m2\repository\org\apache\tomcat\embed\tomcat-embed-websocket\10.1.8\tomcat-embed-websocket-10.1.8.jar;C:\Users\Admin\.m2\repository\org\springframework\spring-web\6.0.9\spring-web-6.0.9.jar;C:\Users\Admin\.m2\repository\io\micrometer\micrometer-observation\1.11.0\micrometer-observation-1.11.0.jar;C:\Users\Admin\.m2\repository\io\micrometer\micrometer-commons\1.11.0\micrometer-commons-1.11.0.jar;C:\Users\Admin\.m2\repository\org\springframework\spring-webmvc\6.0.9\spring-webmvc-6.0.9.jar;C:\Users\Admin\.m2\repository\mysql\mysql-connector-java\8.0.27\mysql-connector-java-8.0.27.jar;C:\Users\Admin\.m2\repository\com\google\protobuf\protobuf-java\3.11.4\protobuf-java-3.11.4.jar;C:\Users\Admin\.m2\repository\io\jsonwebtoken\jjwt-api\0.11.5\jjwt-api-0.11.5.jar;C:\Users\Admin\.m2\repository\io\jsonwebtoken\jjwt-impl\0.11.5\jjwt-impl-0.11.5.jar;C:\Users\Admin\.m2\repository\io\jsonwebtoken\jjwt-jackson\0.11.5\jjwt-jackson-0.11.5.jar;C:\Users\Admin\.m2\repository\com\fasterxml\jackson\core\jackson-databind\2.15.0\jackson-databind-2.15.0.jar;C:\Users\Admin\.m2\repository\com\fasterxml\jackson\core\jackson-annotations\2.15.0\jackson-annotations-2.15.0.jar;C:\Users\Admin\.m2\repository\com\fasterxml\jackson\core\jackson-core\2.15.0\jackson-core-2.15.0.jar;C:\Program Files\JetBrains\IntelliJ IDEA 2023.2.4\lib\idea_rt.jar
Launcher Type: SUN_STANDARD

[Global flags]
     intx CICompilerCount                          = 3                                         {product} {ergonomic}
     uint ConcGCThreads                            = 1                                         {product} {ergonomic}
     uint G1ConcRefinementThreads                  = 4                                         {product} {ergonomic}
   size_t G1HeapRegionSize                         = 1048576                                   {product} {ergonomic}
    uintx GCDrainStackTargetSize                   = 64                                        {product} {ergonomic}
   size_t InitialHeapSize                          = 134217728                                 {product} {ergonomic}
     bool ManagementServer                         = true                                      {product} {command line}
   size_t MarkStackSize                            = 4194304                                   {product} {ergonomic}
   size_t MaxHeapSize                              = 2118123520                                {product} {ergonomic}
   size_t MaxNewSize                               = 1270874112                                {product} {ergonomic}
   size_t MinHeapDeltaBytes                        = 1048576                                   {product} {ergonomic}
   size_t MinHeapSize                              = 8388608                                   {product} {ergonomic}
    uintx NonNMethodCodeHeapSize                   = 4096                                   {pd product} {ergonomic}
    uintx NonProfiledCodeHeapSize                  = 0                                      {pd product} {ergonomic}
     bool ProfileInterpreter                       = false                                  {pd product} {command line}
    uintx ProfiledCodeHeapSize                     = 0                                      {pd product} {ergonomic}
   size_t SoftMaxHeapSize                          = 2118123520                             {manageable} {ergonomic}
     intx TieredStopAtLevel                        = 1                                         {product} {command line}
     bool UseCompressedOops                        = true                           {product lp64_product} {ergonomic}
     bool UseG1GC                                  = true                                      {product} {ergonomic}
     bool UseLargePagesIndividualAllocation        = false                                  {pd product} {ergonomic}

Logging:
Log output configuration:
 #0: stdout all=warning uptime,level,tags foldmultilines=false
 #1: stderr all=off uptime,level,tags foldmultilines=false

Environment Variables:
JAVA_HOME=C:\Program Files\Java\jdk-17
PATH=C:\Program Files\Common Files\Oracle\Java\javapath;C:\Windows\system32;C:\Windows;C:\Windows\System32\Wbem;C:\Windows\System32\WindowsPowerShell\v1.0\;C:\Windows\System32\OpenSSH\;C:\Program Files\Docker\Docker\resources\bin;C:\Program Files\Git\cmd;C:\Program Files\nodejs\;C:\Users\Admin\AppData\Local\Microsoft\WindowsApps;C:\apache-maven-3.9.5\bin;C:\Program Files\Java\jdk-17\bin;C:\Users\Admin\AppData\Local\Programs\Microsoft VS Code\bin;C:\Users\Admin\AppData\Roaming\npm
USERNAME=Admin
OS=Windows_NT
PROCESSOR_IDENTIFIER=Intel64 Family 6 Model 142 Stepping 9, GenuineIntel
TMP=C:\Users\Admin\AppData\Local\Temp
TEMP=C:\Users\Admin\AppData\Local\Temp




Periodic native trim disabled

---------------  S Y S T E M  ---------------

OS:
 Windows 10 , 64 bit Build 19041 (10.0.19041.3636)
OS uptime: 10 days 22:31 hours
Hyper-V role detected

CPU: total 4 (initial active 4) (2 cores per cpu, 2 threads per core) family 6 model 142 stepping 9 microcode 0xb4, cx8, cmov, fxsr, ht, mmx, 3dnowpref, sse, sse2, sse3, ssse3, sse4.1, sse4.2, popcnt, lzcnt, tsc, tscinvbit, avx, avx2, aes, erms, clmul, bmi1, bmi2, adx, fma, vzeroupper, clflush, clflushopt, hv, rdtscp, f16c
Processor Information for all 4 processors :
  Max Mhz: 2904, Current Mhz: 2703, Mhz Limit: 2700

Memory: 4k page, system-wide physical 8073M (761M free)
TotalPageFile size 19849M (AvailPageFile size 5252M)
current process WorkingSet (physical memory assigned to process): 237M, peak: 237M
current process commit charge ("private bytes"): 269M, peak: 269M

vm_info: OpenJDK 64-Bit Server VM (21.0.2+13-58) for windows-amd64 JRE (21.0.2+13-58), built on 2024-01-05T18:32:24Z by "mach5one" with MS VC++ 17.1 (VS2022)

END.
